app/build/intermediates/manifest_merge_blame_file/debug/manifest-merger-blame-debug-report.txt
1<?xml version="1.0" encoding="utf-8"?>
2<manifest xmlns:android="http://schemas.android.com/apk/res/android"
3    package="com.developtech.efuelfo"
4    android:versionCode="1"
5    android:versionName="1.0" >
6
7    <uses-sdk
8        android:minSdkVersion="19"
8-->src\main\AndroidManifest.xml
9        android:targetSdkVersion="28" />
9-->src\main\AndroidManifest.xml
10
11    <uses-feature
11-->src\main\AndroidManifest.xml:6:5-8:36
12        android:name="android.hardware.telephony"
12-->src\main\AndroidManifest.xml:7:9-50
13        android:required="false" />
13-->src\main\AndroidManifest.xml:8:9-33
14    <uses-feature
14-->src\main\AndroidManifest.xml:9:5-11:36
15        android:name="android.hardware.camera"
15-->src\main\AndroidManifest.xml:10:9-47
16        android:required="false" />
16-->src\main\AndroidManifest.xml:11:9-33
17    <uses-feature
17-->src\main\AndroidManifest.xml:12:5-14:36
18        android:name="android.hardware.camera.autofocus"
18-->src\main\AndroidManifest.xml:13:9-57
19        android:required="false" />
19-->src\main\AndroidManifest.xml:14:9-33
20
21    <uses-permission android:name="android.permission.INTERNET" />
21-->src\main\AndroidManifest.xml:16:5-67
21-->src\main\AndroidManifest.xml:16:22-64
22    <uses-permission android:name="android.permission.ACCESS_NETWORK_STATE" />
22-->src\main\AndroidManifest.xml:17:5-79
22-->src\main\AndroidManifest.xml:17:22-76
23    <uses-permission android:name="android.permission.ACCESS_FINE_LOCATION" />
23-->src\main\AndroidManifest.xml:18:5-79
23-->src\main\AndroidManifest.xml:18:22-76
24    <uses-permission android:name="android.permission.ACCESS_COARSE_LOCATION" />
24-->src\main\AndroidManifest.xml:19:5-81
24-->src\main\AndroidManifest.xml:19:22-78
25    <uses-permission android:name="android.permission.CAMERA" />
25-->src\main\AndroidManifest.xml:20:5-65
25-->src\main\AndroidManifest.xml:20:22-62
26    <uses-permission android:name="android.permission.WRITE_EXTERNAL_STORAGE" />
26-->src\main\AndroidManifest.xml:21:5-81
26-->src\main\AndroidManifest.xml:21:22-78
27
28    <uses-feature
28-->[com.google.android.gms:play-services-maps:15.0.1] AndroidManifest.xml:26:5-28:35
29        android:glEsVersion="0x00020000"
29-->[com.google.android.gms:play-services-maps:15.0.1] AndroidManifest.xml:27:9-41
30        android:required="true" />
30-->[com.google.android.gms:play-services-maps:15.0.1] AndroidManifest.xml:28:9-32
31
32    <uses-permission android:name="android.permission.WAKE_LOCK" /> <!-- Required by older versions of Google Play services to create IID tokens -->
32-->[com.google.firebase:firebase-iid:17.0.2] AndroidManifest.xml:24:5-68
32-->[com.google.firebase:firebase-iid:17.0.2] AndroidManifest.xml:24:22-65
33    <uses-permission android:name="com.google.android.c2dm.permission.RECEIVE" />
33-->[com.google.firebase:firebase-iid:17.0.2] AndroidManifest.xml:26:5-82
33-->[com.google.firebase:firebase-iid:17.0.2] AndroidManifest.xml:26:22-79
34
35    <application
35-->src\main\AndroidManifest.xml:23:5-213:19
36        android:name="com.developtech.efuelfo.app.MyApplication"
36-->src\main\AndroidManifest.xml:24:9-42
37        android:allowBackup="false"
37-->src\main\AndroidManifest.xml:25:9-36
38        android:allowClearUserData="true"
38-->src\main\AndroidManifest.xml:26:9-42
39        android:appComponentFactory="android.support.v4.app.CoreComponentFactory"
39-->[com.android.support:support-compat:28.0.0] AndroidManifest.xml:22:18-91
40        android:debuggable="true"
41        android:fullBackupContent="false"
41-->src\main\AndroidManifest.xml:27:9-42
42        android:fullBackupOnly="false"
42-->src\main\AndroidManifest.xml:28:9-39
43        android:icon="@mipmap/efuelapp"
43-->src\main\AndroidManifest.xml:29:9-40
44        android:label="@string/app_name"
44-->src\main\AndroidManifest.xml:30:9-41
45        android:roundIcon="@mipmap/ic_launcher"
45-->src\main\AndroidManifest.xml:31:9-48
46        android:supportsRtl="true"
46-->src\main\AndroidManifest.xml:32:9-35
47        android:theme="@style/AppTheme"
47-->src\main\AndroidManifest.xml:33:9-40
48        android:usesCleartextTraffic="true" >
48-->src\main\AndroidManifest.xml:34:9-44
49        <activity android:name="com.developtech.efuelfo.HomeDashboard" />
49-->src\main\AndroidManifest.xml:37:9-60
49-->src\main\AndroidManifest.xml:37:19-48
50        <activity android:name="com.developtech.efuelfo.GoogleMapPage" />
50-->src\main\AndroidManifest.xml:38:9-51
50-->src\main\AndroidManifest.xml:38:19-48
51        <activity android:name="com.developtech.efuelfo.EndPageDashboard" />
51-->src\main\AndroidManifest.xml:39:9-54
51-->src\main\AndroidManifest.xml:39:19-51
52        <activity android:name="com.developtech.efuelfo.UserAccountDetail" />
52-->src\main\AndroidManifest.xml:40:9-55
52-->src\main\AndroidManifest.xml:40:19-52
53        <activity android:name="com.developtech.efuelfo.EfuelStationDteail" />
53-->src\main\AndroidManifest.xml:41:9-56
53-->src\main\AndroidManifest.xml:41:19-53
54        <activity android:name="com.developtech.efuelfo.UserPersonalDeatil" />
54-->src\main\AndroidManifest.xml:42:9-56
54-->src\main\AndroidManifest.xml:42:19-53
55        <activity android:name="com.developtech.efuelfo.OtpVerifyNumber" />
55-->src\main\AndroidManifest.xml:43:9-53
55-->src\main\AndroidManifest.xml:43:19-50
56        <activity android:name="com.developtech.efuelfo.UserMobileNumber" />
56-->src\main\AndroidManifest.xml:44:9-54
56-->src\main\AndroidManifest.xml:44:19-51
57        <activity android:name="com.developtech.efuelfo.HomePage" />
57-->src\main\AndroidManifest.xml:45:9-46
57-->src\main\AndroidManifest.xml:45:19-43
58
59        <uses-library
59-->src\main\AndroidManifest.xml:47:9-49:40
60            android:name="org.apache.http.legacy"
60-->src\main\AndroidManifest.xml:48:13-50
61            android:required="false" />
61-->src\main\AndroidManifest.xml:49:13-37
62
63        <activity
63-->src\main\AndroidManifest.xml:51:9-62:20
64            android:name="com.developtech.efuelfo.ui.activities.vehicleOwner.RegistrationActivity"
64-->src\main\AndroidManifest.xml:52:13-76
65            android:screenOrientation="portrait" >
65-->src\main\AndroidManifest.xml:53:13-49
66
67            <!-- <intent-filter> -->
68            <!-- <action android:name="android.intent.action.MAIN" /> -->
69
70
71            <!-- <category android:name="android.intent.category.LAUNCHER" /> -->
72            <!-- </intent-filter> -->
73
74        </activity>
75        <activity
75-->src\main\AndroidManifest.xml:63:9-66:58
76            android:name="com.developtech.efuelfo.ui.activities.common.LoginActivity"
76-->src\main\AndroidManifest.xml:64:13-63
77            android:screenOrientation="portrait"
77-->src\main\AndroidManifest.xml:65:13-49
78            android:windowSoftInputMode="adjustResize" />
78-->src\main\AndroidManifest.xml:66:13-55
79        <activity
79-->src\main\AndroidManifest.xml:67:9-75:20
80            android:name="com.developtech.efuelfo.ui.activities.common.SplashActivity"
80-->src\main\AndroidManifest.xml:68:13-64
81            android:screenOrientation="portrait" >
81-->src\main\AndroidManifest.xml:69:13-49
82            <intent-filter>
82-->src\main\AndroidManifest.xml:70:13-74:29
83                <action android:name="android.intent.action.MAIN" />
83-->src\main\AndroidManifest.xml:71:17-69
83-->src\main\AndroidManifest.xml:71:25-66
84
85                <category android:name="android.intent.category.LAUNCHER" />
85-->src\main\AndroidManifest.xml:73:17-77
85-->src\main\AndroidManifest.xml:73:27-74
86            </intent-filter>
87        </activity>
88        <activity
88-->src\main\AndroidManifest.xml:76:9-78:52
89            android:name="com.developtech.efuelfo.ui.activities.vehicleOwner.QRScanActivity"
89-->src\main\AndroidManifest.xml:77:13-70
90            android:screenOrientation="portrait" />
90-->src\main\AndroidManifest.xml:78:13-49
91        <activity
91-->src\main\AndroidManifest.xml:79:9-82:52
92            android:name="com.developtech.efuelfo.ui.activities.common.ForgotPassword"
92-->src\main\AndroidManifest.xml:80:13-64
93            android:parentActivityName="com.developtech.efuelfo.ui.activities.common.LoginActivity"
93-->src\main\AndroidManifest.xml:81:13-77
94            android:screenOrientation="portrait" />
94-->src\main\AndroidManifest.xml:82:13-49
95        <activity
95-->src\main\AndroidManifest.xml:83:9-85:52
96            android:name="com.developtech.efuelfo.ui.activities.common.SelectAccountActivity"
96-->src\main\AndroidManifest.xml:84:13-71
97            android:screenOrientation="portrait" />
97-->src\main\AndroidManifest.xml:85:13-49
98        <activity
98-->src\main\AndroidManifest.xml:86:9-88:52
99            android:name="com.developtech.efuelfo.ui.activities.common.TutorialAcitvity"
99-->src\main\AndroidManifest.xml:87:13-66
100            android:screenOrientation="portrait" />
100-->src\main\AndroidManifest.xml:88:13-49
101        <activity
101-->src\main\AndroidManifest.xml:89:9-92:58
102            android:name="com.developtech.efuelfo.ui.activities.common.OtpActivity"
102-->src\main\AndroidManifest.xml:90:13-61
103            android:screenOrientation="portrait"
103-->src\main\AndroidManifest.xml:91:13-49
104            android:windowSoftInputMode="stateVisible" />
104-->src\main\AndroidManifest.xml:92:13-55
105        <activity
105-->src\main\AndroidManifest.xml:93:9-95:52
106            android:name="com.developtech.efuelfo.ui.activities.common.ChangePasswordActivity"
106-->src\main\AndroidManifest.xml:94:13-72
107            android:screenOrientation="portrait" />
107-->src\main\AndroidManifest.xml:95:13-49
108        <activity
108-->src\main\AndroidManifest.xml:96:9-98:52
109            android:name="com.developtech.efuelfo.ui.activities.fuelStation.StationRegistrationActivity"
109-->src\main\AndroidManifest.xml:97:13-82
110            android:screenOrientation="portrait" />
110-->src\main\AndroidManifest.xml:98:13-49
111        <activity
111-->src\main\AndroidManifest.xml:99:9-108:20
112            android:name="com.developtech.efuelfo.ui.activities.common.HomeActivity"
112-->src\main\AndroidManifest.xml:100:13-62
113            android:screenOrientation="portrait" >
113-->src\main\AndroidManifest.xml:101:13-49
114            <intent-filter>
114-->src\main\AndroidManifest.xml:102:13-107:29
115                <action android:name="TRANS" />
115-->src\main\AndroidManifest.xml:103:17-48
115-->src\main\AndroidManifest.xml:103:25-45
116                <action android:name="CREDIT" />
116-->src\main\AndroidManifest.xml:104:17-49
116-->src\main\AndroidManifest.xml:104:25-46
117
118                <category android:name="android.intent.category.DEFAULT" />
118-->src\main\AndroidManifest.xml:106:17-76
118-->src\main\AndroidManifest.xml:106:27-73
119            </intent-filter>
120        </activity>
121        <activity
121-->src\main\AndroidManifest.xml:109:9-111:52
122            android:name="com.developtech.efuelfo.ui.activities.vehicleOwner.UserProfileActivity"
122-->src\main\AndroidManifest.xml:110:13-75
123            android:screenOrientation="portrait" />
123-->src\main\AndroidManifest.xml:111:13-49
124        <activity
124-->src\main\AndroidManifest.xml:112:9-115:57
125            android:name="com.developtech.efuelfo.ui.activities.stationOwner.FuelPriceActivity"
125-->src\main\AndroidManifest.xml:113:13-73
126            android:screenOrientation="portrait"
126-->src\main\AndroidManifest.xml:114:13-49
127            android:windowSoftInputMode="stateHidden" />
127-->src\main\AndroidManifest.xml:115:13-54
128        <activity
128-->src\main\AndroidManifest.xml:116:9-118:52
129            android:name="com.developtech.efuelfo.ui.activities.stationOwner.ViewScheduleActivity"
129-->src\main\AndroidManifest.xml:117:13-76
130            android:screenOrientation="portrait" />
130-->src\main\AndroidManifest.xml:118:13-49
131        <activity
131-->src\main\AndroidManifest.xml:119:9-121:52
132            android:name="com.developtech.efuelfo.ui.activities.stationOwner.RequestPendingActivity"
132-->src\main\AndroidManifest.xml:120:13-78
133            android:screenOrientation="portrait" />
133-->src\main\AndroidManifest.xml:121:13-49
134        <activity
134-->src\main\AndroidManifest.xml:122:9-124:52
135            android:name="com.developtech.efuelfo.ui.activities.stationOwner.TransactionDetailsActivity"
135-->src\main\AndroidManifest.xml:123:13-82
136            android:screenOrientation="portrait" />
136-->src\main\AndroidManifest.xml:124:13-49
137        <activity
137-->src\main\AndroidManifest.xml:125:9-127:52
138            android:name="com.developtech.efuelfo.ui.activities.stationOwner.VerifyTransactionDetailActivity"
138-->src\main\AndroidManifest.xml:126:13-87
139            android:screenOrientation="portrait" />
139-->src\main\AndroidManifest.xml:127:13-49
140        <activity
140-->src\main\AndroidManifest.xml:128:9-130:52
141            android:name="com.developtech.efuelfo.ui.adapters.stationOwner.CashTransactionActivity"
141-->src\main\AndroidManifest.xml:129:13-77
142            android:screenOrientation="portrait" />
142-->src\main\AndroidManifest.xml:130:13-49
143        <activity
143-->src\main\AndroidManifest.xml:131:9-133:52
144            android:name="com.developtech.efuelfo.ui.fragments.fuelStaff.ProfileActivity"
144-->src\main\AndroidManifest.xml:132:13-67
145            android:screenOrientation="portrait" />
145-->src\main\AndroidManifest.xml:133:13-49
146        <activity
146-->src\main\AndroidManifest.xml:134:9-136:52
147            android:name="com.developtech.efuelfo.ui.activities.common.ResetPassword"
147-->src\main\AndroidManifest.xml:135:13-63
148            android:screenOrientation="portrait" />
148-->src\main\AndroidManifest.xml:136:13-49
149        <activity
149-->src\main\AndroidManifest.xml:137:9-139:52
150            android:name="com.developtech.efuelfo.ui.activities.vehicleOwner.FuelStationDetail"
150-->src\main\AndroidManifest.xml:138:13-73
151            android:screenOrientation="portrait" />
151-->src\main\AndroidManifest.xml:139:13-49
152        <activity
152-->src\main\AndroidManifest.xml:140:9-142:52
153            android:name="com.developtech.efuelfo.ui.activities.common.SettingActivity"
153-->src\main\AndroidManifest.xml:141:13-65
154            android:screenOrientation="portrait" />
154-->src\main\AndroidManifest.xml:142:13-49
155        <activity
155-->src\main\AndroidManifest.xml:143:9-146:72
156            android:name="com.yalantis.ucrop.UCropActivity"
156-->src\main\AndroidManifest.xml:144:13-60
157            android:screenOrientation="portrait"
157-->src\main\AndroidManifest.xml:145:13-49
158            android:theme="@style/Theme.AppCompat.Light.NoActionBar" />
158-->src\main\AndroidManifest.xml:146:13-69
159
160        <meta-data
160-->src\main\AndroidManifest.xml:148:9-150:55
161            android:name="com.facebook.sdk.ApplicationId"
161-->src\main\AndroidManifest.xml:149:13-58
162            android:value="@string/facebook_app_id" />
162-->src\main\AndroidManifest.xml:150:13-52
163
164        <activity
164-->src\main\AndroidManifest.xml:152:9-155:48
165            android:name="com.facebook.FacebookActivity"
165-->src\main\AndroidManifest.xml:153:13-57
166            android:configChanges="keyboard|keyboardHidden|screenLayout|screenSize|orientation"
166-->src\main\AndroidManifest.xml:154:13-96
167            android:label="@string/app_name"
167-->src\main\AndroidManifest.xml:155:13-45
168            android:theme="@style/com_facebook_activity_theme" />
168-->[com.facebook.android:facebook-common:4.42.0] AndroidManifest.xml:32:13-63
169        <activity
169-->src\main\AndroidManifest.xml:156:9-167:20
170            android:name="com.facebook.CustomTabActivity"
170-->src\main\AndroidManifest.xml:157:13-58
171            android:exported="true" >
171-->src\main\AndroidManifest.xml:158:13-36
172            <intent-filter>
172-->src\main\AndroidManifest.xml:159:13-166:29
173                <action android:name="android.intent.action.VIEW" />
173-->src\main\AndroidManifest.xml:160:17-69
173-->src\main\AndroidManifest.xml:160:25-66
174
175                <category android:name="android.intent.category.DEFAULT" />
175-->src\main\AndroidManifest.xml:106:17-76
175-->src\main\AndroidManifest.xml:106:27-73
176                <category android:name="android.intent.category.BROWSABLE" />
176-->src\main\AndroidManifest.xml:163:17-78
176-->src\main\AndroidManifest.xml:163:27-75
177
178                <data android:scheme="@string/fb_login_protocol_scheme" />
178-->src\main\AndroidManifest.xml:165:17-75
178-->src\main\AndroidManifest.xml:165:23-72
179            </intent-filter>
180        </activity>
181
182        <receiver
182-->src\main\AndroidManifest.xml:169:9-176:20
183            android:name="com.developtech.efuelfo.util.SMSReceiver"
183-->src\main\AndroidManifest.xml:170:13-45
184            android:exported="true"
184-->src\main\AndroidManifest.xml:171:13-36
185            android:permission="android.permission.BROADCAST_SMS" >
185-->src\main\AndroidManifest.xml:172:13-66
186            <intent-filter android:priority="999" >
186-->src\main\AndroidManifest.xml:173:13-175:29
186-->src\main\AndroidManifest.xml:173:28-50
187                <action android:name="android.provider.Telephony.SMS_RECEIVED" />
187-->src\main\AndroidManifest.xml:174:17-82
187-->src\main\AndroidManifest.xml:174:25-79
188            </intent-filter>
189        </receiver>
190
191        <meta-data
191-->src\main\AndroidManifest.xml:178:9-180:55
192            android:name="com.google.android.geo.API_KEY"
192-->src\main\AndroidManifest.xml:179:13-58
193            android:value="@string/google_maps_key" />
193-->src\main\AndroidManifest.xml:180:13-52
194
195        <activity
195-->src\main\AndroidManifest.xml:182:9-185:57
196            android:name="com.developtech.efuelfo.ui.activities.vehicleOwner.AddExpenseActivity"
196-->src\main\AndroidManifest.xml:183:13-74
197            android:screenOrientation="portrait"
197-->src\main\AndroidManifest.xml:184:13-49
198            android:windowSoftInputMode="stateHidden" />
198-->src\main\AndroidManifest.xml:185:13-54
199        <activity
199-->src\main\AndroidManifest.xml:186:9-188:52
200            android:name="com.developtech.efuelfo.ui.activities.vehicleOwner.ExpenseTypeActivity"
200-->src\main\AndroidManifest.xml:187:13-75
201            android:screenOrientation="portrait" />
201-->src\main\AndroidManifest.xml:188:13-49
202        <activity
202-->src\main\AndroidManifest.xml:189:9-192:57
203            android:name="com.developtech.efuelfo.ui.activities.vehicleOwner.ExpenseDetailActivity"
203-->src\main\AndroidManifest.xml:190:13-77
204            android:screenOrientation="portrait"
204-->src\main\AndroidManifest.xml:191:13-49
205            android:windowSoftInputMode="stateHidden" />
205-->src\main\AndroidManifest.xml:192:13-54
206
207        <meta-data
207-->src\main\AndroidManifest.xml:194:9-196:72
208            android:name="com.google.firebase.messaging.default_notification_icon"
208-->src\main\AndroidManifest.xml:195:13-83
209            android:resource="@drawable/notification_white_app_icon" />
209-->src\main\AndroidManifest.xml:196:13-69
210        <meta-data
210-->src\main\AndroidManifest.xml:197:9-199:53
211            android:name="com.google.firebase.messaging.default_notification_color"
211-->src\main\AndroidManifest.xml:198:13-84
212            android:resource="@color/colorAccent" />
212-->src\main\AndroidManifest.xml:199:13-50
213
214        <service android:name="com.developtech.efuelfo.notifications.MyFirebaseMessagingService" >
214-->src\main\AndroidManifest.xml:201:9-205:19
214-->src\main\AndroidManifest.xml:201:18-74
215            <intent-filter>
215-->src\main\AndroidManifest.xml:202:13-204:29
216                <action android:name="com.google.firebase.MESSAGING_EVENT" />
216-->src\main\AndroidManifest.xml:203:17-78
216-->src\main\AndroidManifest.xml:203:25-75
217            </intent-filter>
218        </service>
219        <service android:name="com.developtech.efuelfo.notifications.MyFirebaseInstanceIDService" >
219-->src\main\AndroidManifest.xml:206:9-210:19
219-->src\main\AndroidManifest.xml:206:18-75
220            <intent-filter>
220-->src\main\AndroidManifest.xml:207:13-209:29
221                <action android:name="com.google.firebase.INSTANCE_ID_EVENT" />
221-->src\main\AndroidManifest.xml:208:17-80
221-->src\main\AndroidManifest.xml:208:25-77
222            </intent-filter>
223        </service>
224
225        <activity android:name="com.developtech.efuelfo.ui.activities.common.ContactUsActivity" />
225-->src\main\AndroidManifest.xml:212:9-76
225-->src\main\AndroidManifest.xml:212:19-73
226        <activity android:name="com.facebook.CustomTabMainActivity" />
226-->[com.facebook.android:facebook-common:4.42.0] AndroidManifest.xml:33:9-71
226-->[com.facebook.android:facebook-common:4.42.0] AndroidManifest.xml:33:19-68
227        <!--
228             FirebaseMessagingService performs security checks at runtime,
229             no need for explicit permissions despite exported="true"
230        -->
231        <service
231-->[com.google.firebase:firebase-messaging:17.3.2] AndroidManifest.xml:28:9-34:19
232            android:name="com.google.firebase.messaging.FirebaseMessagingService"
232-->[com.google.firebase:firebase-messaging:17.3.2] AndroidManifest.xml:29:13-82
233            android:exported="true" >
233-->[com.google.firebase:firebase-messaging:17.3.2] AndroidManifest.xml:30:13-36
234            <intent-filter android:priority="-500" >
234-->src\main\AndroidManifest.xml:202:13-204:29
235                <action android:name="com.google.firebase.MESSAGING_EVENT" />
235-->src\main\AndroidManifest.xml:203:17-78
235-->src\main\AndroidManifest.xml:203:25-75
236            </intent-filter>
237        </service>
238
239        <activity
239-->[com.google.firebase:firebase-auth:16.0.3] AndroidManifest.xml:23:9-29:75
240            android:name="com.google.firebase.auth.internal.FederatedSignInActivity"
240-->[com.google.firebase:firebase-auth:16.0.3] AndroidManifest.xml:24:13-85
241            android:excludeFromRecents="true"
241-->[com.google.firebase:firebase-auth:16.0.3] AndroidManifest.xml:25:13-46
242            android:exported="true"
242-->[com.google.firebase:firebase-auth:16.0.3] AndroidManifest.xml:26:13-36
243            android:launchMode="singleInstance"
243-->[com.google.firebase:firebase-auth:16.0.3] AndroidManifest.xml:27:13-48
244            android:permission="com.google.firebase.auth.api.gms.permission.LAUNCH_FEDERATED_SIGN_IN"
244-->[com.google.firebase:firebase-auth:16.0.3] AndroidManifest.xml:28:13-102
245            android:theme="@android:style/Theme.Translucent.NoTitleBar" />
245-->[com.google.firebase:firebase-auth:16.0.3] AndroidManifest.xml:29:13-72
246
247        <service
247-->[com.google.firebase:firebase-auth:16.0.3] AndroidManifest.xml:31:9-35:19
248            android:name="com.google.firebase.components.ComponentDiscoveryService"
248-->[com.google.firebase:firebase-auth:16.0.3] AndroidManifest.xml:31:18-89
249            android:exported="false" >
249-->[com.google.firebase:firebase-iid:17.0.2] AndroidManifest.xml:31:13-37
250            <meta-data
250-->[com.google.firebase:firebase-auth:16.0.3] AndroidManifest.xml:32:13-34:85
251                android:name="com.google.firebase.components:com.google.firebase.auth.FirebaseAuthRegistrar"
251-->[com.google.firebase:firebase-auth:16.0.3] AndroidManifest.xml:33:17-109
252                android:value="com.google.firebase.components.ComponentRegistrar" />
252-->[com.google.firebase:firebase-auth:16.0.3] AndroidManifest.xml:34:17-82
253            <meta-data
253-->[com.google.firebase:firebase-iid:17.0.2] AndroidManifest.xml:32:13-34:85
254                android:name="com.google.firebase.components:com.google.firebase.iid.Registrar"
254-->[com.google.firebase:firebase-iid:17.0.2] AndroidManifest.xml:33:17-96
255                android:value="com.google.firebase.components.ComponentRegistrar" />
255-->[com.google.firebase:firebase-iid:17.0.2] AndroidManifest.xml:34:17-82
256        </service>
257
258        <activity
258-->[com.google.android.gms:play-services-auth:16.0.0] AndroidManifest.xml:23:9-27:75
259            android:name="com.google.android.gms.auth.api.signin.internal.SignInHubActivity"
259-->[com.google.android.gms:play-services-auth:16.0.0] AndroidManifest.xml:24:13-93
260            android:excludeFromRecents="true"
260-->[com.google.android.gms:play-services-auth:16.0.0] AndroidManifest.xml:25:13-46
261            android:exported="false"
261-->[com.google.android.gms:play-services-auth:16.0.0] AndroidManifest.xml:26:13-37
262            android:theme="@android:style/Theme.Translucent.NoTitleBar" />
262-->[com.google.android.gms:play-services-auth:16.0.0] AndroidManifest.xml:27:13-72
263        <!--
264            Service handling Google Sign-In user revocation. For apps that do not integrate with
265            Google Sign-In, this service will never be started.
266        -->
267        <service
267-->[com.google.android.gms:play-services-auth:16.0.0] AndroidManifest.xml:33:9-36:110
268            android:name="com.google.android.gms.auth.api.signin.RevocationBoundService"
268-->[com.google.android.gms:play-services-auth:16.0.0] AndroidManifest.xml:34:13-89
269            android:exported="true"
269-->[com.google.android.gms:play-services-auth:16.0.0] AndroidManifest.xml:35:13-36
270            android:permission="com.google.android.gms.auth.api.signin.permission.REVOCATION_NOTIFICATION" />
270-->[com.google.android.gms:play-services-auth:16.0.0] AndroidManifest.xml:36:13-107
271
272        <receiver
272-->[com.google.firebase:firebase-iid:17.0.2] AndroidManifest.xml:37:9-44:20
273            android:name="com.google.firebase.iid.FirebaseInstanceIdReceiver"
273-->[com.google.firebase:firebase-iid:17.0.2] AndroidManifest.xml:38:13-78
274            android:exported="true"
274-->[com.google.firebase:firebase-iid:17.0.2] AndroidManifest.xml:39:13-36
275            android:permission="com.google.android.c2dm.permission.SEND" >
275-->[com.google.firebase:firebase-iid:17.0.2] AndroidManifest.xml:40:13-73
276            <intent-filter>
276-->[com.google.firebase:firebase-iid:17.0.2] AndroidManifest.xml:41:13-43:29
277                <action android:name="com.google.android.c2dm.intent.RECEIVE" />
277-->[com.google.firebase:firebase-iid:17.0.2] AndroidManifest.xml:42:17-81
277-->[com.google.firebase:firebase-iid:17.0.2] AndroidManifest.xml:42:25-78
278            </intent-filter>
279        </receiver>
280        <!--
281             FirebaseInstanceIdService performs security checks at runtime,
282             no need for explicit permissions despite exported="true"
283        -->
284        <service
284-->[com.google.firebase:firebase-iid:17.0.2] AndroidManifest.xml:50:9-56:19
285            android:name="com.google.firebase.iid.FirebaseInstanceIdService"
285-->[com.google.firebase:firebase-iid:17.0.2] AndroidManifest.xml:51:13-77
286            android:exported="true" >
286-->[com.google.firebase:firebase-iid:17.0.2] AndroidManifest.xml:52:13-36
287            <intent-filter android:priority="-500" >
287-->src\main\AndroidManifest.xml:207:13-209:29
288                <action android:name="com.google.firebase.INSTANCE_ID_EVENT" />
288-->src\main\AndroidManifest.xml:208:17-80
288-->src\main\AndroidManifest.xml:208:25-77
289            </intent-filter>
290        </service>
291
292        <provider
292-->[com.google.firebase:firebase-common:16.0.1] AndroidManifest.xml:10:9-14:39
293            android:name="com.google.firebase.provider.FirebaseInitProvider"
293-->[com.google.firebase:firebase-common:16.0.1] AndroidManifest.xml:11:13-77
294            android:authorities="com.developtech.efuelfo.firebaseinitprovider"
294-->[com.google.firebase:firebase-common:16.0.1] AndroidManifest.xml:12:13-72
295            android:exported="false"
295-->[com.google.firebase:firebase-common:16.0.1] AndroidManifest.xml:13:13-37
296            android:initOrder="100" />
296-->[com.google.firebase:firebase-common:16.0.1] AndroidManifest.xml:14:13-36
297
298        <activity
298-->[com.google.android.gms:play-services-base:15.0.1] AndroidManifest.xml:23:9-26:75
299            android:name="com.google.android.gms.common.api.GoogleApiActivity"
299-->[com.google.android.gms:play-services-base:15.0.1] AndroidManifest.xml:24:13-79
300            android:exported="false"
300-->[com.google.android.gms:play-services-base:15.0.1] AndroidManifest.xml:25:13-37
301            android:theme="@android:style/Theme.Translucent.NoTitleBar" />
301-->[com.google.android.gms:play-services-base:15.0.1] AndroidManifest.xml:26:13-72
302
303        <meta-data
303-->[com.google.android.gms:play-services-basement:15.0.1] AndroidManifest.xml:23:9-25:69
304            android:name="com.google.android.gms.version"
304-->[com.google.android.gms:play-services-basement:15.0.1] AndroidManifest.xml:24:13-58
305            android:value="@integer/google_play_services_version" />
305-->[com.google.android.gms:play-services-basement:15.0.1] AndroidManifest.xml:25:13-66
306        <!--
307         The initialization ContentProvider will call FacebookSdk.sdkInitialize automatically
308         with the application context. This config is merged in with the host app's manifest,
309         but there can only be one provider with the same authority activated at any given
310         point; so if the end user has two or more different apps that use Facebook SDK, only the
311         first one will be able to use the provider. To work around this problem, we use the
312         following placeholder in the authority to identify each host application as if it was
313         a completely different provider.
314        -->
315        <provider